2026-04-16 00:22:26 | INFO | ========== EmoSteer 3.2/3.3 单脚本流程开始 ==========
2026-04-16 00:22:26 | INFO | [参数] emotion=angry | neutral=neutral | stages=extract,build | top_k=10 | max_samples=100 | search_samples=10 | min_ref_tokens=32 | min_search_ref_tokens=32 | target_len_mode=ref_audio | debug_verbose=True
2026-04-16 00:22:26 | INFO | [运行时] 已使用本项目目录内的 f5_tts: /mnt/workspace/hongchengxun/emosteer/act-st2/_vendor/F5-TTS
2026-04-16 00:22:33 | INFO | [运行时] 加载声码器: vocos
2026-04-16 00:22:35 | INFO | [运行时] 加载模型: F5TTS_v1_Base
2026-04-16 00:22:38 | INFO | [Hook] 已 patch DiTBlock 数量: 22
2026-04-16 00:22:38 | INFO | [参数] 选中层: [1, 6, 11, 16, 21]
2026-04-16 00:22:38 | INFO | [输出] neutral_residual=neutral_for_sad_residual.pt | emotion_residual=sad_residual.pt | steering=sad_steering.pt
2026-04-16 00:22:38 | INFO | [提取] 样本统计 | neutral=100 | emotion=100 | max_samples=100
2026-04-16 00:22:38 | INFO | [提取] 估计目标 token 长度 | 情绪=neutral | 样本数=100 | 模式=ref_audio(无inference)
2026-04-16 00:22:38 | INFO | [提取-细节] 长度估计样本 | idx=1 | file=ravdess_6d4705955916.wav | ref_tokens=2 | gen_text='Listen I am so very sorry Ligt for inserting myself into your work life and for'
2026-04-16 00:22:38 | WARNING | [提取] 参考token过短，跳过样本 ravdess_6d4705955916.wav | ref_tokens=2 < min_ref_tokens=32
2026-04-16 00:22:38 | INFO | [提取-细节] 长度估计样本 | idx=2 | file=ravdess_380affaf9c7d.wav | ref_tokens=2 | gen_text='shirt'
2026-04-16 00:22:38 | WARNING | [提取] 参考token过短，跳过样本 ravdess_380affaf9c7d.wav | ref_tokens=2 < min_ref_tokens=32
2026-04-16 00:22:38 | INFO | [提取-细节] 长度估计样本 | idx=3 | file=ravdess_9a58b6bfbf52.wav | ref_tokens=2 | gen_text='I couldn't bear it I thought it was such a weirdo A freak What kind of person we'
2026-04-16 00:22:38 | WARNING | [提取] 参考token过短，跳过样本 ravdess_9a58b6bfbf52.wav | ref_tokens=2 < min_ref_tokens=32
2026-04-16 00:22:38 | INFO | [提取-细节] 长度估计样本 | idx=4 | file=ravdess_d4d0ca3da73e.wav | ref_tokens=2 | gen_text='Ned and Zed loved festivals They loved festivals of all kinds – Halloween wint'
2026-04-16 00:22:38 | WARNING | [提取] 参考token过短，跳过样本 ravdess_d4d0ca3da73e.wav | ref_tokens=2 < min_ref_tokens=32
2026-04-16 00:22:44 | INFO | [提取-细节] 长度估计样本 | idx=5 | file=ravdess_e90a4a283242.wav | ref_tokens=2 | gen_text='Dogs are sitting by the door'
2026-04-16 00:22:44 | WARNING | [提取] 参考token过短，跳过样本 ravdess_e90a4a283242.wav | ref_tokens=2 < min_ref_tokens=32
2026-04-16 00:22:44 | INFO | [提取-细节] 长度估计样本 | idx=6 | file=ravdess_8b8d9975970d.wav | ref_tokens=2 | gen_text='Why'
2026-04-16 00:22:44 | WARNING | [提取] 参考token过短，跳过样本 ravdess_8b8d9975970d.wav | ref_tokens=2 < min_ref_tokens=32
2026-04-16 00:22:44 | INFO | [提取-细节] 长度估计样本 | idx=7 | file=ravdess_fb5bd6099d89.wav | ref_tokens=283 | gen_text='I have shocking news that changes your situation entirely Oh no wait What am I t'
2026-04-16 00:22:44 | INFO | [提取-细节] 长度估计样本 | idx=8 | file=tess_8dab103a9507.wav | ref_tokens=156 | gen_text='Just awful than that feeling It is'
2026-04-16 00:22:44 | INFO | [提取-细节] 长度估计样本 | idx=9 | file=tess_d2c7aa7b0640.wav | ref_tokens=187 | gen_text='And last cried clever rabbit we are safe The jungle animals came rushing out'
2026-04-16 00:22:44 | INFO | [提取-细节] 长度估计样本 | idx=10 | file=tess_f49fd937470a.wav | ref_tokens=151 | gen_text='The bank called and said there was fraud on my account I'm like what the fuck th'
2026-04-16 00:22:44 | INFO | [提取-细节] 长度估计样本 | idx=11 | file=tess_1d290b2ab29a.wav | ref_tokens=153 | gen_text='Shocked And dropped a box on the ground by accident Did she realize she was in l'
2026-04-16 00:22:44 | INFO | [提取-细节] 长度估计样本 | idx=12 | file=ravdess_31c675e5ef59.wav | ref_tokens=337 | gen_text='late'
2026-04-16 00:22:44 | INFO | [提取-细节] 长度估计样本 | idx=13 | file=ravdess_d4b0d6ba58aa.wav | ref_tokens=226 | gen_text='In the centre of the immortal binding net there was an immense hole its edges st'
2026-04-16 00:22:44 | INFO | [提取-细节] 长度估计样本 | idx=14 | file=ravdess_d6cb0e632e6e.wav | ref_tokens=391 | gen_text='bar'
2026-04-16 00:22:44 | INFO | [提取-细节] 长度估计样本 | idx=15 | file=emo_emilia_41a2459c54ec.wav | ref_tokens=302 | gen_text='轰隆轰隆一阵响声过后 一瓶黄澄澄的精油出现在我们眼前'
2026-04-16 00:22:44 | INFO | [提取-细节] 长度估计样本 | idx=16 | file=ravdess_b3207dfec098.wav | ref_tokens=18 | gen_text='No I don't want to sit I just I want to know how she is Now tell me'
2026-04-16 00:22:44 | WARNING | [提取] 参考token过短，跳过样本 ravdess_b3207dfec098.wav | ref_tokens=18 < min_ref_tokens=32
2026-04-16 00:22:44 | INFO | [提取-细节] 长度估计样本 | idx=17 | file=ravdess_236a2f4e8016.wav | ref_tokens=2 | gen_text='should'
2026-04-16 00:22:44 | WARNING | [提取] 参考token过短，跳过样本 ravdess_236a2f4e8016.wav | ref_tokens=2 < min_ref_tokens=32
2026-04-16 00:22:45 | INFO | [提取-细节] 长度估计样本 | idx=18 | file=ravdess_224c75915d8e.wav | ref_tokens=298 | gen_text='For a web 3 phone is valid so that you can get web 3 technology in the hands of'
2026-04-16 00:22:45 | INFO | [提取-细节] 长度估计样本 | idx=19 | file=ravdess_d149c92d43a4.wav | ref_tokens=2 | gen_text='I hope you enjoyed getting smarter with us today This was a bit of a special epi'
2026-04-16 00:22:45 | WARNING | [提取] 参考token过短，跳过样本 ravdess_d149c92d43a4.wav | ref_tokens=2 < min_ref_tokens=32
2026-04-16 00:22:45 | INFO | [提取-细节] 长度估计样本 | idx=20 | file=ravdess_29c8dfa600bc.wav | ref_tokens=2 | gen_text='limb'
2026-04-16 00:22:45 | WARNING | [提取] 参考token过短，跳过样本 ravdess_29c8dfa600bc.wav | ref_tokens=2 < min_ref_tokens=32
2026-04-16 00:22:45 | WARNING | [提取] 参考token过短，跳过样本 ravdess_6d9cc9be6b06.wav | ref_tokens=2 < min_ref_tokens=32
2026-04-16 00:22:45 | WARNING | [提取] 参考token过短，跳过样本 ravdess_f661025b3922.wav | ref_tokens=2 < min_ref_tokens=32
2026-04-16 00:22:45 | WARNING | [提取] 参考token过短，跳过样本 ravdess_66f678d84675.wav | ref_tokens=2 < min_ref_tokens=32
2026-04-16 00:22:45 | WARNING | [提取] 参考token过短，跳过样本 ravdess_de7394439d19.wav | ref_tokens=9 < min_ref_tokens=32
2026-04-16 00:22:45 | WARNING | [提取] 参考token过短，跳过样本 ravdess_be63ec0a85b9.wav | ref_tokens=2 < min_ref_tokens=32
2026-04-16 00:22:45 | WARNING | [提取] 参考token过短，跳过样本 ravdess_0b7baedaf61c.wav | ref_tokens=2 < min_ref_tokens=32
2026-04-16 00:22:45 | INFO | [提取] 目标长度估计进度: 40/100
2026-04-16 00:22:46 | WARNING | [提取] 参考token过短，跳过样本 ravdess_44cce1c8fcc2.wav | ref_tokens=9 < min_ref_tokens=32
2026-04-16 00:22:46 | WARNING | [提取] 参考token过短，跳过样本 ravdess_fc9e13b41be4.wav | ref_tokens=9 < min_ref_tokens=32
2026-04-16 00:22:46 | WARNING | [提取] 参考token过短，跳过样本 ravdess_ccf62e685757.wav | ref_tokens=2 < min_ref_tokens=32
2026-04-16 00:22:46 | WARNING | [提取] 参考token过短，跳过样本 ravdess_4a86349dbeb0.wav | ref_tokens=2 < min_ref_tokens=32
2026-04-16 00:22:46 | INFO | [提取-细节] 长度估计样本 | idx=50 | file=ravdess_1fcf1c7a2079.wav | ref_tokens=11 | gen_text='cheek'
2026-04-16 00:22:47 | INFO | [提取] 目标长度估计进度: 60/100
2026-04-16 00:22:50 | INFO | [提取-细节] 长度估计样本 | idx=100 | file=ravdess_44b6def5093e.wav | ref_tokens=249 | gen_text='Wow'
2026-04-16 00:22:50 | INFO | [提取] 目标长度估计进度: 100/100
2026-04-16 00:22:50 | INFO | [提取] 长度估计过滤统计 | skip_short=24 | skip_no_capture=0
2026-04-16 00:22:50 | INFO | [提取] 目标 token 长度估计完成 | 情绪=neutral | 平均=251 | 样本数=76 | 最小=67 | 最大=743
2026-04-16 00:22:50 | INFO | [提取] 估计目标 token 长度 | 情绪=angry | 样本数=100 | 模式=ref_audio(无inference)
2026-04-16 00:22:50 | INFO | [提取-细节] 长度估计样本 | idx=1 | file=tess_555a0c82586f.wav | ref_tokens=113 | gen_text='Listen I am so very sorry Ligt for inserting myself into your work life and for'
2026-04-16 00:22:51 | INFO | [提取-细节] 长度估计样本 | idx=2 | file=ravdess_c58a9e9a06b3.wav | ref_tokens=292 | gen_text='shirt'
2026-04-16 00:22:51 | INFO | [提取-细节] 长度估计样本 | idx=3 | file=tess_31f723245d29.wav | ref_tokens=200 | gen_text='I couldn't bear it I thought it was such a weirdo A freak What kind of person we'
2026-04-16 00:22:51 | INFO | [提取-细节] 长度估计样本 | idx=4 | file=ravdess_b1226695c759.wav | ref_tokens=367 | gen_text='Ned and Zed loved festivals They loved festivals of all kinds – Halloween wint'
2026-04-16 00:22:51 | INFO | [提取-细节] 长度估计样本 | idx=5 | file=emo_emilia_f15d9c44dbc0.wav | ref_tokens=351 | gen_text='这一回 小嘎子真生气了 他在水中快速的躲闪着枪子儿 突然'
2026-04-16 00:22:51 | INFO | [提取-细节] 长度估计样本 | idx=6 | file=tess_1b1f0a92b865.wav | ref_tokens=133 | gen_text='Why'
2026-04-16 00:22:51 | INFO | [提取-细节] 长度估计样本 | idx=7 | file=ravdess_a7f5e202ef44.wav | ref_tokens=318 | gen_text='I have shocking news that changes your situation entirely Oh no wait What am I t'
2026-04-16 00:22:51 | INFO | [提取-细节] 长度估计样本 | idx=8 | file=tess_4273bcead00f.wav | ref_tokens=200 | gen_text='Just awful than that feeling It is'
2026-04-16 00:22:51 | INFO | [提取-细节] 长度估计样本 | idx=9 | file=tess_a544c2c8c823.wav | ref_tokens=146 | gen_text='And last cried clever rabbit we are safe The jungle animals came rushing out'
2026-04-16 00:22:52 | INFO | [提取-细节] 长度估计样本 | idx=10 | file=ravdess_f89411d789a0.wav | ref_tokens=365 | gen_text='The bank called and said there was fraud on my account I'm like what the fuck th'
2026-04-16 00:22:52 | INFO | [提取-细节] 长度估计样本 | idx=11 | file=tess_32175085d3a5.wav | ref_tokens=206 | gen_text='Shocked And dropped a box on the ground by accident Did she realize she was in l'
2026-04-16 00:22:52 | INFO | [提取-细节] 长度估计样本 | idx=12 | file=emo_emilia_8ad3c6563af4.wav | ref_tokens=305 | gen_text='可没人陪我一起看云彩变形 听风姑娘唱歌了'
2026-04-16 00:22:52 | INFO | [提取-细节] 长度估计样本 | idx=13 | file=tess_b1ede506c689.wav | ref_tokens=136 | gen_text='In the centre of the immortal binding net there was an immense hole its edges st'
2026-04-16 00:22:52 | INFO | [提取-细节] 长度估计样本 | idx=14 | file=ravdess_932c23977f3b.wav | ref_tokens=499 | gen_text='bar'
2026-04-16 00:22:52 | INFO | [提取-细节] 长度估计样本 | idx=15 | file=tess_da5758ae3b07.wav | ref_tokens=204 | gen_text='soup'
2026-04-16 00:22:52 | INFO | [提取-细节] 长度估计样本 | idx=16 | file=emo_emilia_4c3758457275.wav | ref_tokens=684 | gen_text='No I don't want to sit I just I want to know how she is Now tell me'
2026-04-16 00:22:53 | INFO | [提取-细节] 长度估计样本 | idx=17 | file=tess_606eefe000e7.wav | ref_tokens=143 | gen_text='should'
2026-04-16 00:22:53 | INFO | [提取-细节] 长度估计样本 | idx=18 | file=ravdess_06bf047278a6.wav | ref_tokens=371 | gen_text='For a web 3 phone is valid so that you can get web 3 technology in the hands of'
2026-04-16 00:22:53 | INFO | [提取-细节] 长度估计样本 | idx=19 | file=tess_43d421d8c919.wav | ref_tokens=185 | gen_text='I hope you enjoyed getting smarter with us today This was a bit of a special epi'
2026-04-16 00:22:53 | INFO | [提取-细节] 长度估计样本 | idx=20 | file=emo_emilia_38afe12b9d42.wav | ref_tokens=429 | gen_text='limb'
2026-04-16 00:22:53 | INFO | [提取] 目标长度估计进度: 20/100
2026-04-16 00:22:56 | INFO | [提取] 目标长度估计进度: 40/100
2026-04-16 00:22:58 | INFO | [提取-细节] 长度估计样本 | idx=50 | file=ravdess_7b3da9a4607e.wav | ref_tokens=328 | gen_text='cheek'
2026-04-16 00:22:59 | INFO | [提取] 目标长度估计进度: 60/100
2026-04-16 00:23:01 | INFO | [提取] 目标长度估计进度: 80/100
2026-04-16 00:23:03 | INFO | [提取-细节] 长度估计样本 | idx=100 | file=emo_emilia_170e0e18eec2.wav | ref_tokens=241 | gen_text='我以为这老家伙是老棺材瓤子不咋着呢 这一看哪真难对付'
2026-04-16 00:23:03 | INFO | [提取] 目标长度估计进度: 100/100
2026-04-16 00:23:03 | INFO | [提取] 长度估计过滤统计 | skip_short=0 | skip_no_capture=0
2026-04-16 00:23:03 | INFO | [提取] 目标 token 长度估计完成 | 情绪=angry | 平均=289 | 样本数=100 | 最小=113 | 最大=704
2026-04-16 00:23:03 | INFO | [提取] 共享目标 token 长度: 270 (neutral=251, emotion=289)
2026-04-16 00:23:03 | INFO | [提取] 开始提取第一残差均值 | emotion=neutral | 样本=100 | 目标长度=270(ref_audio_token_len_avg)
2026-04-16 00:23:03 | INFO | [提取-细节] 均值提取样本 | idx=1 | file=ravdess_6d4705955916.wav | ref_tokens=2 | gen_text='Listen I am so very sorry Ligt for inserting myself into your work life and for'
2026-04-16 00:23:03 | WARNING | [提取] 参考token过短，跳过样本 ravdess_6d4705955916.wav | ref_tokens=2 < min_ref_tokens=32
2026-04-16 00:23:03 | INFO | [提取-细节] 均值提取样本 | idx=2 | file=ravdess_380affaf9c7d.wav | ref_tokens=2 | gen_text='shirt'
2026-04-16 00:23:03 | WARNING | [提取] 参考token过短，跳过样本 ravdess_380affaf9c7d.wav | ref_tokens=2 < min_ref_tokens=32
2026-04-16 00:23:03 | INFO | [提取-细节] 均值提取样本 | idx=3 | file=ravdess_9a58b6bfbf52.wav | ref_tokens=2 | gen_text='I couldn't bear it I thought it was such a weirdo A freak What kind of person we'
2026-04-16 00:23:03 | WARNING | [提取] 参考token过短，跳过样本 ravdess_9a58b6bfbf52.wav | ref_tokens=2 < min_ref_tokens=32
2026-04-16 00:23:03 | INFO | [提取-细节] 均值提取样本 | idx=4 | file=ravdess_d4d0ca3da73e.wav | ref_tokens=2 | gen_text='Ned and Zed loved festivals They loved festivals of all kinds – Halloween wint'
2026-04-16 00:23:03 | WARNING | [提取] 参考token过短，跳过样本 ravdess_d4d0ca3da73e.wav | ref_tokens=2 < min_ref_tokens=32
2026-04-16 00:23:03 | INFO | [提取-细节] 均值提取样本 | idx=5 | file=ravdess_e90a4a283242.wav | ref_tokens=2 | gen_text='Dogs are sitting by the door'
2026-04-16 00:23:03 | WARNING | [提取] 参考token过短，跳过样本 ravdess_e90a4a283242.wav | ref_tokens=2 < min_ref_tokens=32
2026-04-16 00:23:03 | INFO | [提取-细节] 均值提取样本 | idx=6 | file=ravdess_8b8d9975970d.wav | ref_tokens=2 | gen_text='Why'
2026-04-16 00:23:03 | WARNING | [提取] 参考token过短，跳过样本 ravdess_8b8d9975970d.wav | ref_tokens=2 < min_ref_tokens=32
2026-04-16 00:23:03 | INFO | [提取-细节] 均值提取样本 | idx=7 | file=ravdess_fb5bd6099d89.wav | ref_tokens=283 | gen_text='I have shocking news that changes your situation entirely Oh no wait What am I t'
2026-04-16 00:23:04 | INFO | [提取-细节] 累计计数 | idx=7 | file=ravdess_fb5bd6099d89.wav | L1:1, L6:1, L11:1, L16:1, L21:1
2026-04-16 00:23:04 | INFO | [提取-细节] 均值提取样本 | idx=8 | file=tess_8dab103a9507.wav | ref_tokens=156 | gen_text='Just awful than that feeling It is'
2026-04-16 00:23:05 | INFO | [提取-细节] 累计计数 | idx=8 | file=tess_8dab103a9507.wav | L1:2, L6:2, L11:2, L16:2, L21:2
2026-04-16 00:23:05 | INFO | [提取-细节] 均值提取样本 | idx=9 | file=tess_d2c7aa7b0640.wav | ref_tokens=187 | gen_text='And last cried clever rabbit we are safe The jungle animals came rushing out'
2026-04-16 00:23:06 | INFO | [提取-细节] 累计计数 | idx=9 | file=tess_d2c7aa7b0640.wav | L1:3, L6:3, L11:3, L16:3, L21:3
2026-04-16 00:23:06 | INFO | [提取-细节] 均值提取样本 | idx=10 | file=tess_f49fd937470a.wav | ref_tokens=151 | gen_text='The bank called and said there was fraud on my account I'm like what the fuck th'
2026-04-16 00:23:08 | INFO | [提取-细节] 累计计数 | idx=10 | file=tess_f49fd937470a.wav | L1:4, L6:4, L11:4, L16:4, L21:4
2026-04-16 00:23:08 | INFO | [提取] 进度 neutral: 10/100
2026-04-16 00:23:08 | INFO | [提取-细节] 均值提取样本 | idx=11 | file=tess_1d290b2ab29a.wav | ref_tokens=153 | gen_text='Shocked And dropped a box on the ground by accident Did she realize she was in l'
2026-04-16 00:23:09 | INFO | [提取-细节] 累计计数 | idx=11 | file=tess_1d290b2ab29a.wav | L1:5, L6:5, L11:5, L16:5, L21:5
2026-04-16 00:23:09 | INFO | [提取-细节] 均值提取样本 | idx=12 | file=ravdess_31c675e5ef59.wav | ref_tokens=337 | gen_text='late'
2026-04-16 00:23:10 | INFO | [提取-细节] 累计计数 | idx=12 | file=ravdess_31c675e5ef59.wav | L1:6, L6:6, L11:6, L16:6, L21:6
2026-04-16 00:23:10 | INFO | [提取-细节] 均值提取样本 | idx=13 | file=ravdess_d4b0d6ba58aa.wav | ref_tokens=226 | gen_text='In the centre of the immortal binding net there was an immense hole its edges st'
2026-04-16 00:23:11 | INFO | [提取-细节] 累计计数 | idx=13 | file=ravdess_d4b0d6ba58aa.wav | L1:7, L6:7, L11:7, L16:7, L21:7
2026-04-16 00:23:11 | INFO | [提取-细节] 均值提取样本 | idx=14 | file=ravdess_d6cb0e632e6e.wav | ref_tokens=391 | gen_text='bar'
2026-04-16 00:23:12 | INFO | [提取-细节] 累计计数 | idx=14 | file=ravdess_d6cb0e632e6e.wav | L1:8, L6:8, L11:8, L16:8, L21:8
2026-04-16 00:23:12 | INFO | [提取-细节] 均值提取样本 | idx=15 | file=emo_emilia_41a2459c54ec.wav | ref_tokens=302 | gen_text='轰隆轰隆一阵响声过后 一瓶黄澄澄的精油出现在我们眼前'
2026-04-16 00:23:13 | INFO | [提取-细节] 累计计数 | idx=15 | file=emo_emilia_41a2459c54ec.wav | L1:9, L6:9, L11:9, L16:9, L21:9
2026-04-16 00:23:13 | INFO | [提取-细节] 均值提取样本 | idx=16 | file=ravdess_b3207dfec098.wav | ref_tokens=18 | gen_text='No I don't want to sit I just I want to know how she is Now tell me'
2026-04-16 00:23:13 | WARNING | [提取] 参考token过短，跳过样本 ravdess_b3207dfec098.wav | ref_tokens=18 < min_ref_tokens=32
2026-04-16 00:23:13 | INFO | [提取-细节] 均值提取样本 | idx=17 | file=ravdess_236a2f4e8016.wav | ref_tokens=2 | gen_text='should'
2026-04-16 00:23:13 | WARNING | [提取] 参考token过短，跳过样本 ravdess_236a2f4e8016.wav | ref_tokens=2 < min_ref_tokens=32
2026-04-16 00:23:13 | INFO | [提取-细节] 均值提取样本 | idx=18 | file=ravdess_224c75915d8e.wav | ref_tokens=298 | gen_text='For a web 3 phone is valid so that you can get web 3 technology in the hands of'
2026-04-16 00:23:14 | INFO | [提取-细节] 累计计数 | idx=18 | file=ravdess_224c75915d8e.wav | L1:10, L6:10, L11:10, L16:10, L21:10
2026-04-16 00:23:14 | INFO | [提取-细节] 均值提取样本 | idx=19 | file=ravdess_d149c92d43a4.wav | ref_tokens=2 | gen_text='I hope you enjoyed getting smarter with us today This was a bit of a special epi'
2026-04-16 00:23:14 | WARNING | [提取] 参考token过短，跳过样本 ravdess_d149c92d43a4.wav | ref_tokens=2 < min_ref_tokens=32
2026-04-16 00:23:14 | INFO | [提取-细节] 均值提取样本 | idx=20 | file=ravdess_29c8dfa600bc.wav | ref_tokens=2 | gen_text='limb'
2026-04-16 00:23:14 | WARNING | [提取] 参考token过短，跳过样本 ravdess_29c8dfa600bc.wav | ref_tokens=2 < min_ref_tokens=32
2026-04-16 00:23:21 | WARNING | [提取] 参考token过短，跳过样本 ravdess_6d9cc9be6b06.wav | ref_tokens=2 < min_ref_tokens=32
2026-04-16 00:23:22 | WARNING | [提取] 参考token过短，跳过样本 ravdess_f661025b3922.wav | ref_tokens=2 < min_ref_tokens=32
2026-04-16 00:23:23 | INFO | [提取] 进度 neutral: 30/100
2026-04-16 00:23:23 | WARNING | [提取] 参考token过短，跳过样本 ravdess_66f678d84675.wav | ref_tokens=2 < min_ref_tokens=32
2026-04-16 00:23:27 | WARNING | [提取] 参考token过短，跳过样本 ravdess_de7394439d19.wav | ref_tokens=9 < min_ref_tokens=32
2026-04-16 00:23:28 | WARNING | [提取] 参考token过短，跳过样本 ravdess_be63ec0a85b9.wav | ref_tokens=2 < min_ref_tokens=32
2026-04-16 00:23:28 | WARNING | [提取] 参考token过短，跳过样本 ravdess_0b7baedaf61c.wav | ref_tokens=2 < min_ref_tokens=32
2026-04-16 00:23:29 | INFO | [提取] 进度 neutral: 40/100
2026-04-16 00:23:33 | WARNING | [提取] 参考token过短，跳过样本 ravdess_44cce1c8fcc2.wav | ref_tokens=9 < min_ref_tokens=32
2026-04-16 00:23:33 | WARNING | [提取] 参考token过短，跳过样本 ravdess_fc9e13b41be4.wav | ref_tokens=9 < min_ref_tokens=32
2026-04-16 00:23:33 | WARNING | [提取] 参考token过短，跳过样本 ravdess_ccf62e685757.wav | ref_tokens=2 < min_ref_tokens=32
2026-04-16 00:23:33 | WARNING | [提取] 参考token过短，跳过样本 ravdess_4a86349dbeb0.wav | ref_tokens=2 < min_ref_tokens=32
2026-04-16 00:23:34 | INFO | [提取-细节] 均值提取样本 | idx=50 | file=ravdess_1fcf1c7a2079.wav | ref_tokens=11 | gen_text='cheek'
2026-04-16 00:23:44 | INFO | [提取] 进度 neutral: 60/100
2026-04-16 00:23:55 | INFO | [提取] 进度 neutral: 70/100
2026-04-16 00:24:26 | INFO | [提取] 进度 neutral: 90/100
2026-04-16 00:24:40 | INFO | [提取-细节] 均值提取样本 | idx=100 | file=ravdess_44b6def5093e.wav | ref_tokens=249 | gen_text='Wow'
2026-04-16 00:24:41 | INFO | [提取-细节] 累计计数 | idx=100 | file=ravdess_44b6def5093e.wav | L1:76, L6:76, L11:76, L16:76, L21:76
2026-04-16 00:24:41 | INFO | [提取] 进度 neutral: 100/100
2026-04-16 00:24:41 | INFO | [提取] 过滤统计 neutral | skip_short=24
2026-04-16 00:24:41 | INFO | [提取] 完成 emotion=neutral | layer_counts={1: 76, 6: 76, 11: 76, 16: 76, 21: 76}
2026-04-16 00:24:41 | INFO | [提取] 开始提取第一残差均值 | emotion=angry | 样本=100 | 目标长度=270(ref_audio_token_len_avg)
2026-04-16 00:24:41 | INFO | [提取-细节] 均值提取样本 | idx=1 | file=tess_555a0c82586f.wav | ref_tokens=113 | gen_text='Listen I am so very sorry Ligt for inserting myself into your work life and for'
2026-04-16 00:24:42 | INFO | [提取-细节] 累计计数 | idx=1 | file=tess_555a0c82586f.wav | L1:1, L6:1, L11:1, L16:1, L21:1
2026-04-16 00:24:42 | INFO | [提取-细节] 均值提取样本 | idx=2 | file=ravdess_c58a9e9a06b3.wav | ref_tokens=292 | gen_text='shirt'
2026-04-16 00:24:43 | INFO | [提取-细节] 累计计数 | idx=2 | file=ravdess_c58a9e9a06b3.wav | L1:2, L6:2, L11:2, L16:2, L21:2
2026-04-16 00:24:43 | INFO | [提取-细节] 均值提取样本 | idx=3 | file=tess_31f723245d29.wav | ref_tokens=200 | gen_text='I couldn't bear it I thought it was such a weirdo A freak What kind of person we'
2026-04-16 00:24:46 | INFO | [提取-细节] 累计计数 | idx=3 | file=tess_31f723245d29.wav | L1:3, L6:3, L11:3, L16:3, L21:3
2026-04-16 00:24:46 | INFO | [提取-细节] 均值提取样本 | idx=4 | file=ravdess_b1226695c759.wav | ref_tokens=367 | gen_text='Ned and Zed loved festivals They loved festivals of all kinds – Halloween wint'
2026-04-16 00:24:47 | INFO | [提取-细节] 累计计数 | idx=4 | file=ravdess_b1226695c759.wav | L1:4, L6:4, L11:4, L16:4, L21:4
2026-04-16 00:24:47 | INFO | [提取-细节] 均值提取样本 | idx=5 | file=emo_emilia_f15d9c44dbc0.wav | ref_tokens=351 | gen_text='这一回 小嘎子真生气了 他在水中快速的躲闪着枪子儿 突然'
2026-04-16 00:24:48 | INFO | [提取-细节] 累计计数 | idx=5 | file=emo_emilia_f15d9c44dbc0.wav | L1:5, L6:5, L11:5, L16:5, L21:5
2026-04-16 00:24:48 | INFO | [提取-细节] 均值提取样本 | idx=6 | file=tess_1b1f0a92b865.wav | ref_tokens=133 | gen_text='Why'
2026-04-16 00:24:50 | INFO | [提取-细节] 累计计数 | idx=6 | file=tess_1b1f0a92b865.wav | L1:6, L6:6, L11:6, L16:6, L21:6
2026-04-16 00:24:50 | INFO | [提取-细节] 均值提取样本 | idx=7 | file=ravdess_a7f5e202ef44.wav | ref_tokens=318 | gen_text='I have shocking news that changes your situation entirely Oh no wait What am I t'
2026-04-16 00:24:51 | INFO | [提取-细节] 累计计数 | idx=7 | file=ravdess_a7f5e202ef44.wav | L1:7, L6:7, L11:7, L16:7, L21:7
2026-04-16 00:24:51 | INFO | [提取-细节] 均值提取样本 | idx=8 | file=tess_4273bcead00f.wav | ref_tokens=200 | gen_text='Just awful than that feeling It is'
2026-04-16 00:24:52 | INFO | [提取-细节] 累计计数 | idx=8 | file=tess_4273bcead00f.wav | L1:8, L6:8, L11:8, L16:8, L21:8
2026-04-16 00:24:52 | INFO | [提取-细节] 均值提取样本 | idx=9 | file=tess_a544c2c8c823.wav | ref_tokens=146 | gen_text='And last cried clever rabbit we are safe The jungle animals came rushing out'
2026-04-16 00:24:54 | INFO | [提取-细节] 累计计数 | idx=9 | file=tess_a544c2c8c823.wav | L1:9, L6:9, L11:9, L16:9, L21:9
2026-04-16 00:24:54 | INFO | [提取-细节] 均值提取样本 | idx=10 | file=ravdess_f89411d789a0.wav | ref_tokens=365 | gen_text='The bank called and said there was fraud on my account I'm like what the fuck th'
2026-04-16 00:24:55 | INFO | [提取-细节] 累计计数 | idx=10 | file=ravdess_f89411d789a0.wav | L1:10, L6:10, L11:10, L16:10, L21:10
2026-04-16 00:24:55 | INFO | [提取] 进度 angry: 10/100
2026-04-16 00:24:55 | INFO | [提取-细节] 均值提取样本 | idx=11 | file=tess_32175085d3a5.wav | ref_tokens=206 | gen_text='Shocked And dropped a box on the ground by accident Did she realize she was in l'
2026-04-16 00:24:57 | INFO | [提取-细节] 累计计数 | idx=11 | file=tess_32175085d3a5.wav | L1:11, L6:11, L11:11, L16:11, L21:11
2026-04-16 00:24:57 | INFO | [提取-细节] 均值提取样本 | idx=12 | file=emo_emilia_8ad3c6563af4.wav | ref_tokens=305 | gen_text='可没人陪我一起看云彩变形 听风姑娘唱歌了'
2026-04-16 00:24:59 | INFO | [提取-细节] 累计计数 | idx=12 | file=emo_emilia_8ad3c6563af4.wav | L1:12, L6:12, L11:12, L16:12, L21:12
2026-04-16 00:24:59 | INFO | [提取-细节] 均值提取样本 | idx=13 | file=tess_b1ede506c689.wav | ref_tokens=136 | gen_text='In the centre of the immortal binding net there was an immense hole its edges st'
2026-04-16 00:25:00 | INFO | [提取-细节] 累计计数 | idx=13 | file=tess_b1ede506c689.wav | L1:13, L6:13, L11:13, L16:13, L21:13
2026-04-16 00:25:00 | INFO | [提取-细节] 均值提取样本 | idx=14 | file=ravdess_932c23977f3b.wav | ref_tokens=499 | gen_text='bar'
2026-04-16 00:25:01 | INFO | [提取-细节] 累计计数 | idx=14 | file=ravdess_932c23977f3b.wav | L1:14, L6:14, L11:14, L16:14, L21:14
2026-04-16 00:25:01 | INFO | [提取-细节] 均值提取样本 | idx=15 | file=tess_da5758ae3b07.wav | ref_tokens=204 | gen_text='soup'
2026-04-16 00:25:03 | INFO | [提取-细节] 累计计数 | idx=15 | file=tess_da5758ae3b07.wav | L1:15, L6:15, L11:15, L16:15, L21:15
2026-04-16 00:25:03 | INFO | [提取-细节] 均值提取样本 | idx=16 | file=emo_emilia_4c3758457275.wav | ref_tokens=684 | gen_text='No I don't want to sit I just I want to know how she is Now tell me'
2026-04-16 00:25:04 | INFO | [提取-细节] 累计计数 | idx=16 | file=emo_emilia_4c3758457275.wav | L1:16, L6:16, L11:16, L16:16, L21:16
2026-04-16 00:25:04 | INFO | [提取-细节] 均值提取样本 | idx=17 | file=tess_606eefe000e7.wav | ref_tokens=143 | gen_text='should'
2026-04-16 00:25:05 | INFO | [提取-细节] 累计计数 | idx=17 | file=tess_606eefe000e7.wav | L1:17, L6:17, L11:17, L16:17, L21:17
2026-04-16 00:25:05 | INFO | [提取-细节] 均值提取样本 | idx=18 | file=ravdess_06bf047278a6.wav | ref_tokens=371 | gen_text='For a web 3 phone is valid so that you can get web 3 technology in the hands of'
2026-04-16 00:25:07 | INFO | [提取-细节] 累计计数 | idx=18 | file=ravdess_06bf047278a6.wav | L1:18, L6:18, L11:18, L16:18, L21:18
2026-04-16 00:25:07 | INFO | [提取-细节] 均值提取样本 | idx=19 | file=tess_43d421d8c919.wav | ref_tokens=185 | gen_text='I hope you enjoyed getting smarter with us today This was a bit of a special epi'
2026-04-16 00:25:09 | INFO | [提取-细节] 累计计数 | idx=19 | file=tess_43d421d8c919.wav | L1:19, L6:19, L11:19, L16:19, L21:19
2026-04-16 00:25:09 | INFO | [提取-细节] 均值提取样本 | idx=20 | file=emo_emilia_38afe12b9d42.wav | ref_tokens=429 | gen_text='limb'
2026-04-16 00:25:11 | INFO | [提取-细节] 累计计数 | idx=20 | file=emo_emilia_38afe12b9d42.wav | L1:20, L6:20, L11:20, L16:20, L21:20
2026-04-16 00:25:11 | INFO | [提取] 进度 angry: 20/100
2026-04-16 00:25:26 | INFO | [提取] 进度 angry: 30/100
2026-04-16 00:25:42 | INFO | [提取] 进度 angry: 40/100
2026-04-16 00:25:53 | INFO | [提取-细节] 均值提取样本 | idx=50 | file=ravdess_7b3da9a4607e.wav | ref_tokens=328 | gen_text='cheek'
2026-04-16 00:25:54 | INFO | [提取-细节] 累计计数 | idx=50 | file=ravdess_7b3da9a4607e.wav | L1:50, L6:50, L11:50, L16:50, L21:50
2026-04-16 00:25:54 | INFO | [提取] 进度 angry: 50/100
2026-04-16 00:26:04 | INFO | [提取] 进度 angry: 60/100
2026-04-16 00:26:18 | INFO | [提取] 进度 angry: 70/100
2026-04-16 00:26:32 | INFO | [提取] 进度 angry: 80/100
2026-04-16 00:26:47 | INFO | [提取] 进度 angry: 90/100
2026-04-16 00:27:02 | INFO | [提取-细节] 均值提取样本 | idx=100 | file=emo_emilia_170e0e18eec2.wav | ref_tokens=241 | gen_text='我以为这老家伙是老棺材瓤子不咋着呢 这一看哪真难对付'
2026-04-16 00:27:03 | INFO | [提取-细节] 累计计数 | idx=100 | file=emo_emilia_170e0e18eec2.wav | L1:100, L6:100, L11:100, L16:100, L21:100
2026-04-16 00:27:03 | INFO | [提取] 进度 angry: 100/100
2026-04-16 00:27:03 | INFO | [提取] 完成 emotion=angry | layer_counts={1: 100, 6: 100, 11: 100, 16: 100, 21: 100}
2026-04-16 00:27:04 | INFO | [提取] 已保存 neutral 残差: /mnt/workspace/hongchengxun/emosteer/act-st2/outputs/neutral_for_sad_residual.pt
2026-04-16 00:27:04 | INFO | [提取] 已保存 emotion 残差: /mnt/workspace/hongchengxun/emosteer/act-st2/outputs/sad_residual.pt
2026-04-16 00:27:04 | INFO | [构建-细节] 输入残差文件 | neutral=/mnt/workspace/hongchengxun/emosteer/act-st2/outputs/neutral_for_sad_residual.pt | emotion=/mnt/workspace/hongchengxun/emosteer/act-st2/outputs/sad_residual.pt
2026-04-16 00:27:04 | INFO | [构建-细节] neutral元信息 | target_len=270 | num_samples=76 | layer_counts=[76, 76, 76, 76, 76]
2026-04-16 00:27:04 | INFO | [构建-细节] emotion元信息 | target_len=270 | num_samples=100 | layer_counts=[100, 100, 100, 100, 100]
2026-04-16 00:27:04 | INFO | [构建] 开始构建 steering 向量
2026-04-16 00:27:04 | INFO | [构建] 层 1 | neutral_norm=9494.8350 | emotion_norm=9579.2139 | diff_norm=2533.3123
2026-04-16 00:27:04 | INFO | [构建] 层 6 | neutral_norm=10611.6982 | emotion_norm=10344.8604 | diff_norm=3220.6819
2026-04-16 00:27:04 | INFO | [构建] 层 11 | neutral_norm=13062.6201 | emotion_norm=12701.3369 | diff_norm=3446.5669
2026-04-16 00:27:04 | INFO | [构建] 层 16 | neutral_norm=16208.0605 | emotion_norm=15774.6924 | diff_norm=4026.2595
2026-04-16 00:27:04 | INFO | [构建] 层 21 | neutral_norm=21844.0332 | emotion_norm=21135.8770 | diff_norm=7464.2319
2026-04-16 00:27:04 | INFO | [构建-细节] 可用层数量=5 | layers=[1, 6, 11, 16, 21]
2026-04-16 00:27:04 | INFO | [搜索样本] neutral池: 原始=887 | 排除=100 | 剩余=787
2026-04-16 00:27:04 | INFO | [搜索样本] 已构建 emotion2vec 搜索样本: 10
2026-04-16 00:27:04 | INFO | [搜索样本-细节] ref#01 | file_id=tess_e6faa0a10b44 | lang=en | ref_text=''
2026-04-16 00:27:04 | INFO | [搜索样本-细节] ref#02 | file_id=tess_756dd9af496d | lang=en | ref_text='kick'
2026-04-16 00:27:04 | INFO | [搜索样本-细节] ref#03 | file_id=tess_a39a12779c78 | lang=en | ref_text=''
2026-04-16 00:27:04 | INFO | [搜索样本-细节] ref#04 | file_id=tess_80798221b886 | lang=en | ref_text='south'
2026-04-16 00:27:04 | INFO | [搜索样本-细节] ref#05 | file_id=tess_47175792f91e | lang=en | ref_text='ring'
2026-04-16 00:27:04 | INFO | [搜索样本-细节] ref#06 | file_id=emo_emilia_6f7fa33268c8 | lang=zh | ref_text='第一个阶段中,其实我们看到他是自我意识是没有得到发展,所以说这个时候就是。'
2026-04-16 00:27:04 | INFO | [搜索样本-细节] ref#07 | file_id=emo_emilia_dc137b4128a4 | lang=zh | ref_text='他不仅自掏腰包,修入架桥,还从精神上鼓励村民们励志脱贫。'
2026-04-16 00:27:04 | INFO | [搜索样本-细节] ref#08 | file_id=emo_emilia_fea21deca898 | lang=zh | ref_text='君哥分享的这个项目非常的简短但是呢启发性还是非常强的这个玩法就是可以延伸到其他项目上面去'
2026-04-16 00:27:04 | INFO | [搜索样本-细节] ref#09 | file_id=emo_emilia_39937881fff7 | lang=zh | ref_text='然后我们就继续走吧,然后正好借这个,呃,一路走的时候,大家也可以感受一下我们大学路。'
2026-04-16 00:27:04 | INFO | [搜索样本-细节] ref#10 | file_id=emo_emilia_aa1bcdc7153a | lang=zh | ref_text='对于许多选择就业岗位的人们来说,首要的不是瞄准好令人羡慕的岗位,而是一开始就树立好正常的就业观念。'
2026-04-16 00:27:05 | INFO | [Emotion2Vec] 加载模型: iic/emotion2vec_plus_large (hub=ms)
2026-04-16 00:27:13 | INFO | [Token评分-细节] 层向量统计 | layer=1 | shape=(32, 270, 1024) | min=-0.009729 | max=0.024081 | mean=0.000009 | std=0.000336
2026-04-16 00:27:13 | INFO | [Token评分-细节] 层向量统计 | layer=6 | shape=(32, 270, 1024) | min=-0.013824 | max=0.009792 | mean=0.000004 | std=0.000336
2026-04-16 00:27:13 | INFO | [Token评分-细节] 层向量统计 | layer=11 | shape=(32, 270, 1024) | min=-0.013473 | max=0.061455 | mean=0.000003 | std=0.000336
2026-04-16 00:27:13 | INFO | [Token评分-细节] 层向量统计 | layer=16 | shape=(32, 270, 1024) | min=-0.011916 | max=0.068366 | mean=0.000003 | std=0.000336
2026-04-16 00:27:13 | INFO | [Token评分-细节] 层向量统计 | layer=21 | shape=(32, 270, 1024) | min=-0.007725 | max=0.040884 | mean=-0.000011 | std=0.000336
2026-04-16 00:27:14 | INFO | [Token评分] emotion2vec 全 token 搜索开始 | tokens=270 | refs=10 | skip_short_refs=0 | min_search_ref_tokens=32
2026-04-16 00:27:14 | INFO | [Token评分-细节] token=0000 各层向量范数 | L1:0.090428, L6:0.072815, L11:0.078592, L16:0.081466, L21:0.064577
2026-04-16 00:27:14 | INFO | [Token评分-细节] token=0000 ref=00 | file_id=tess_e6faa0a10b44 | ref_tokens=151 | gen_text='Listen I am so very sorry Ligt for inserting myself into your work life and for'
2026-04-16 00:27:15 | INFO | [Token评分-诊断] emotion2vec 标签数=9 | labels=['生气/angry', '厌恶/disgusted', '恐惧/fearful', '开心/happy', '中立/neutral', '其他/other', '难过/sad', '吃惊/surprised', '<unk>']
2026-04-16 00:27:15 | INFO | [Token评分] 目标情绪 'angry' 映射到标签 '生气/angry' (index=0)
2026-04-16 00:27:15 | INFO | [Token评分-细节] token=0000 ref=00 | target_score=0.005201 | top1=中立/neutral:0.962001 | sum_scores=1.000000
2026-04-16 00:27:15 | INFO | [Token评分-细节] token=0000 ref=01 | file_id=tess_756dd9af496d | ref_tokens=159 | gen_text='shirt'
2026-04-16 00:27:16 | INFO | [Token评分-细节] token=0000 ref=01 | target_score=0.000000 | top1=难过/sad:0.999995 | sum_scores=1.000000
2026-04-16 00:27:16 | INFO | [Token评分-细节] token=0000 ref=02 | file_id=tess_a39a12779c78 | ref_tokens=142 | gen_text='I couldn't bear it I thought it was such a weirdo A freak What kind of person we'
2026-04-16 00:27:16 | INFO | [Token评分-细节] token=0000 ref=02 | target_score=0.000208 | top1=难过/sad:0.902496 | sum_scores=1.000000
2026-04-16 00:27:26 | INFO | [Token评分-细节] token=0001 各层向量范数 | L1:0.091090, L6:0.073108, L11:0.080321, L16:0.074802, L21:0.060160
2026-04-16 00:27:26 | INFO | [Token评分-细节] token=0001 ref=00 | file_id=tess_e6faa0a10b44 | ref_tokens=151 | gen_text='Listen I am so very sorry Ligt for inserting myself into your work life and for'
2026-04-16 00:27:27 | INFO | [Token评分-细节] token=0001 ref=00 | target_score=0.005716 | top1=中立/neutral:0.945663 | sum_scores=1.000000
2026-04-16 00:27:27 | INFO | [Token评分-细节] token=0001 ref=01 | file_id=tess_756dd9af496d | ref_tokens=159 | gen_text='shirt'
2026-04-16 00:27:28 | INFO | [Token评分-细节] token=0001 ref=01 | target_score=0.000000 | top1=难过/sad:0.999969 | sum_scores=1.000000
2026-04-16 00:27:28 | INFO | [Token评分-细节] token=0001 ref=02 | file_id=tess_a39a12779c78 | ref_tokens=142 | gen_text='I couldn't bear it I thought it was such a weirdo A freak What kind of person we'
2026-04-16 00:27:30 | INFO | [Token评分-细节] token=0001 ref=02 | target_score=0.000404 | top1=难过/sad:0.806562 | sum_scores=1.000000
2026-04-16 00:27:40 | INFO | [Token评分-细节] token=0002 各层向量范数 | L1:0.095943, L6:0.075735, L11:0.071374, L16:0.068770, L21:0.061689
2026-04-16 00:27:40 | INFO | [Token评分-细节] token=0002 ref=00 | file_id=tess_e6faa0a10b44 | ref_tokens=151 | gen_text='Listen I am so very sorry Ligt for inserting myself into your work life and for'
2026-04-16 00:27:41 | INFO | [Token评分-细节] token=0002 ref=00 | target_score=0.003875 | top1=中立/neutral:0.952294 | sum_scores=1.000000
2026-04-16 00:27:41 | INFO | [Token评分-细节] token=0002 ref=01 | file_id=tess_756dd9af496d | ref_tokens=159 | gen_text='shirt'
2026-04-16 00:27:42 | INFO | [Token评分-细节] token=0002 ref=01 | target_score=0.000000 | top1=难过/sad:0.999994 | sum_scores=1.000000
2026-04-16 00:27:42 | INFO | [Token评分-细节] token=0002 ref=02 | file_id=tess_a39a12779c78 | ref_tokens=142 | gen_text='I couldn't bear it I thought it was such a weirdo A freak What kind of person we'
2026-04-16 00:27:43 | INFO | [Token评分-细节] token=0002 ref=02 | target_score=0.000133 | top1=难过/sad:0.910244 | sum_scores=1.000000
2026-04-16 00:29:13 | INFO | [Token评分] 进度 10/270 | 当前token均分=0.001056
